app/build/intermediates/manifest_merge_blame_file/debug/manifest-merger-blame-debug-report.txt
1<?xml version="1.0" encoding="utf-8"?>
2<manifest xmlns:android="http://schemas.android.com/apk/res/android"
3    package="com.example.chat"
4    android:versionCode="1"
5    android:versionName="1.0" >
6
7    <uses-sdk
8        android:minSdkVersion="24"
8-->src\main\AndroidManifest.xml
9        android:targetSdkVersion="32" />
9-->src\main\AndroidManifest.xml
10
11    <!-- Although the *SdkVersion is captured in gradle build files, this is required for non gradle builds -->
12    <!-- <uses-sdk android:minSdkVersion="14"/> -->
13    <uses-permission android:name="android.permission.ACCESS_NETWORK_STATE" />
13-->[com.google.firebase:firebase-database:20.0.6] AndroidManifest.xml:25:5-79
13-->[com.google.firebase:firebase-database:20.0.6] AndroidManifest.xml:25:22-76
14    <uses-permission android:name="android.permission.INTERNET" />
14-->[com.google.firebase:firebase-database:20.0.6] AndroidManifest.xml:26:5-67
14-->[com.google.firebase:firebase-database:20.0.6] AndroidManifest.xml:26:22-64
15
16    <application
16-->src\main\AndroidManifest.xml:6:5-25:19
17        android:allowBackup="true"
17-->src\main\AndroidManifest.xml:7:13-39
18        android:appComponentFactory="androidx.core.app.CoreComponentFactory"
18-->[androidx.core:core:1.8.0] AndroidManifest.xml:24:18-86
19        android:dataExtractionRules="@xml/data_extraction_rules"
19-->src\main\AndroidManifest.xml:8:13-69
20        android:debuggable="true"
21        android:extractNativeLibs="false"
22        android:fullBackupContent="@xml/backup_rules"
22-->src\main\AndroidManifest.xml:9:13-58
23        android:icon="@mipmap/ic_launcher"
23-->src\main\AndroidManifest.xml:10:13-47
24        android:label="@string/app_name"
24-->src\main\AndroidManifest.xml:11:13-45
25        android:roundIcon="@mipmap/ic_launcher_round"
25-->src\main\AndroidManifest.xml:12:13-58
26        android:supportsRtl="true"
26-->src\main\AndroidManifest.xml:13:13-39
27        android:theme="@style/Theme.Chat" >
27-->src\main\AndroidManifest.xml:14:13-46
28        <activity
28-->src\main\AndroidManifest.xml:16:9-24:20
29            android:name="com.example.chat.MainActivity"
29-->src\main\AndroidManifest.xml:17:17-45
30            android:exported="true" >
30-->src\main\AndroidManifest.xml:18:17-40
31            <intent-filter>
31-->src\main\AndroidManifest.xml:19:13-23:29
32                <action android:name="android.intent.action.MAIN" />
32-->src\main\AndroidManifest.xml:20:17-69
32-->src\main\AndroidManifest.xml:20:25-66
33
34                <category android:name="android.intent.category.LAUNCHER" />
34-->src\main\AndroidManifest.xml:22:17-77
34-->src\main\AndroidManifest.xml:22:27-74
35            </intent-filter>
36        </activity>
37
38        <service
38-->[com.google.firebase:firebase-database:20.0.6] AndroidManifest.xml:29:9-35:19
39            android:name="com.google.firebase.components.ComponentDiscoveryService"
39-->[com.google.firebase:firebase-database:20.0.6] AndroidManifest.xml:30:13-84
40            android:directBootAware="true"
40-->[com.google.firebase:firebase-common:20.1.2] AndroidManifest.xml:35:13-43
41            android:exported="false" >
41-->[com.google.firebase:firebase-database:20.0.6] AndroidManifest.xml:31:13-37
42            <meta-data
42-->[com.google.firebase:firebase-database:20.0.6] AndroidManifest.xml:32:13-34:85
43                android:name="com.google.firebase.components:com.google.firebase.database.DatabaseRegistrar"
43-->[com.google.firebase:firebase-database:20.0.6] AndroidManifest.xml:33:17-109
44                android:value="com.google.firebase.components.ComponentRegistrar" />
44-->[com.google.firebase:firebase-database:20.0.6] AndroidManifest.xml:34:17-82
45        </service>
46
47        <activity
47-->[com.google.android.gms:play-services-base:18.0.1] AndroidManifest.xml:20:9-22:45
48            android:name="com.google.android.gms.common.api.GoogleApiActivity"
48-->[com.google.android.gms:play-services-base:18.0.1] AndroidManifest.xml:20:19-85
49            android:exported="false"
49-->[com.google.android.gms:play-services-base:18.0.1] AndroidManifest.xml:22:19-43
50            android:theme="@android:style/Theme.Translucent.NoTitleBar" />
50-->[com.google.android.gms:play-services-base:18.0.1] AndroidManifest.xml:21:19-78
51
52        <provider
52-->[com.google.firebase:firebase-common:20.1.2] AndroidManifest.xml:26:9-31:39
53            android:name="com.google.firebase.provider.FirebaseInitProvider"
53-->[com.google.firebase:firebase-common:20.1.2] AndroidManifest.xml:27:13-77
54            android:authorities="com.example.chat.firebaseinitprovider"
54-->[com.google.firebase:firebase-common:20.1.2] AndroidManifest.xml:28:13-72
55            android:directBootAware="true"
55-->[com.google.firebase:firebase-common:20.1.2] AndroidManifest.xml:29:13-43
56            android:exported="false"
56-->[com.google.firebase:firebase-common:20.1.2] AndroidManifest.xml:30:13-37
57            android:initOrder="100" />
57-->[com.google.firebase:firebase-common:20.1.2] AndroidManifest.xml:31:13-36
58
59        <meta-data
59-->[com.google.android.gms:play-services-basement:18.1.0] AndroidManifest.xml:21:9-23:69
60            android:name="com.google.android.gms.version"
60-->[com.google.android.gms:play-services-basement:18.1.0] AndroidManifest.xml:22:13-58
61            android:value="@integer/google_play_services_version" />
61-->[com.google.android.gms:play-services-basement:18.1.0] AndroidManifest.xml:23:13-66
62
63        <provider
63-->[androidx.emoji2:emoji2:1.2.0] AndroidManifest.xml:24:9-32:20
64            android:name="androidx.startup.InitializationProvider"
64-->[androidx.emoji2:emoji2:1.2.0] AndroidManifest.xml:25:13-67
65            android:authorities="com.example.chat.androidx-startup"
65-->[androidx.emoji2:emoji2:1.2.0] AndroidManifest.xml:26:13-68
66            android:exported="false" >
66-->[androidx.emoji2:emoji2:1.2.0] AndroidManifest.xml:27:13-37
67            <meta-data
67-->[androidx.emoji2:emoji2:1.2.0] AndroidManifest.xml:29:13-31:52
68                android:name="androidx.emoji2.text.EmojiCompatInitializer"
68-->[androidx.emoji2:emoji2:1.2.0] AndroidManifest.xml:30:17-75
69                android:value="androidx.startup" />
69-->[androidx.emoji2:emoji2:1.2.0] AndroidManifest.xml:31:17-49
70            <meta-data
70-->[androidx.lifecycle:lifecycle-process:2.4.1] AndroidManifest.xml:31:13-33:52
71                android:name="androidx.lifecycle.ProcessLifecycleInitializer"
71-->[androidx.lifecycle:lifecycle-process:2.4.1] AndroidManifest.xml:32:17-78
72                android:value="androidx.startup" />
72-->[androidx.lifecycle:lifecycle-process:2.4.1] AndroidManifest.xml:33:17-49
73        </provider>
74    </application>
75
76</manifest>